timestamp: 2021-05-03T18:55:29.051673
CREATE TABLE "py4web_session"(
    "id" INTEGER PRIMARY KEY AUTOINCREMENT,
    "rkey" CHAR(512),
    "rvalue" TEXT,
    "expiration" INTEGER,
    "created_on" TIMESTAMP,
    "expires_on" TIMESTAMP
);
success!
timestamp: 2021-05-03T18:55:29.058365
CREATE TABLE "auth_user"(
    "id" INTEGER PRIMARY KEY AUTOINCREMENT,
    "email" CHAR(512) UNIQUE,
    "password" CHAR(512),
    "first_name" CHAR(512),
    "last_name" CHAR(512),
    "sso_id" CHAR(512),
    "action_token" CHAR(512),
    "last_password_change" TIMESTAMP,
    "past_passwords_hash" TEXT
);
success!
timestamp: 2021-05-03T18:55:29.063303
CREATE TABLE "auth_user_tag_groups"(
    "id" INTEGER PRIMARY KEY AUTOINCREMENT,
    "path" CHAR(512),
    "record_id" INTEGER REFERENCES "auth_user" ("id") ON DELETE CASCADE  
);
success!
timestamp: 2021-05-03T18:55:29.187730
CREATE TABLE "bird"(
    "id" INTEGER PRIMARY KEY AUTOINCREMENT,
    "bird_count" INTEGER,
    "seen_by" CHAR(512)
);
success!
timestamp: 2021-05-12T16:28:01.125850
CREATE TABLE "schools"(
    "id" INTEGER PRIMARY KEY AUTOINCREMENT,
    "name" CHAR(512)
);
success!
timestamp: 2021-05-12T16:28:01.139580
CREATE TABLE "courses"(
    "id" INTEGER PRIMARY KEY AUTOINCREMENT,
    "name" CHAR(512),
    "school" INTEGER REFERENCES "schools" ("id") ON DELETE CASCADE  ,
    "description" TEXT
);
success!
timestamp: 2021-05-12T16:28:01.144781
CREATE TABLE "instructors"(
    "id" INTEGER PRIMARY KEY AUTOINCREMENT,
    "first_name" CHAR(512),
    "last_name" CHAR(512),
    "school" INTEGER REFERENCES "schools" ("id") ON DELETE CASCADE  
);
success!
timestamp: 2021-05-12T16:28:01.150128
CREATE TABLE "course_reviews"(
    "id" INTEGER PRIMARY KEY AUTOINCREMENT,
    "course" INTEGER REFERENCES "courses" ("id") ON DELETE CASCADE  ,
    "review" TEXT
);
success!
timestamp: 2021-05-12T16:28:52.563067
CREATE TABLE "instructor_reviews"(
    "id" INTEGER PRIMARY KEY AUTOINCREMENT,
    "course" INTEGER REFERENCES "instructors" ("id") ON DELETE CASCADE  ,
    "review" TEXT
);
success!
timestamp: 2021-05-12T16:43:34.987107
ALTER TABLE "course_reviews" ADD "rating" DOUBLE;
success!
timestamp: 2021-05-12T16:43:34.992444
ALTER TABLE "instructor_reviews" ADD "rating" DOUBLE;
success!
timestamp: 2021-05-12T17:02:35.934144
CREATE TABLE "reviews"(
    "id" INTEGER PRIMARY KEY AUTOINCREMENT,
    "course" INTEGER REFERENCES "courses" ("id") ON DELETE CASCADE  ,
    "instructor" INTEGER REFERENCES "instructors" ("id") ON DELETE CASCADE  ,
    "review" TEXT,
    "rating" DOUBLE
);
success!
timestamp: 2021-05-12T17:33:42.413711
ALTER TABLE "instructors" ADD "department" TEXT;
success!
timestamp: 2021-05-20T17:32:05.805803
CREATE TABLE "likes"(
    "id" INTEGER PRIMARY KEY AUTOINCREMENT,
    "is_like" CHAR(1),
    "user_email" CHAR(512),
    "review" INTEGER REFERENCES "reviews" ("id") ON DELETE CASCADE  
);
success!
timestamp: 2021-05-20T17:55:41.014741
ALTER TABLE "reviews" ADD "body" TEXT;
success!
success!
success!
success!
success!
timestamp: 2021-05-20T20:27:52.948446
ALTER TABLE "reviews" ADD "user" CHAR(512);
success!
success!
success!
success!
success!
success!
success!
success!
success!
success!
success!
success!
success!
success!
success!
success!
success!
success!
success!
success!
success!
success!
success!
success!
success!
success!
success!
success!
success!
success!
success!
success!
success!
success!
success!
success!
success!
success!
success!
success!
success!
success!
success!
success!
success!
success!
success!
success!
success!
success!
success!
success!
success!
success!
success!
success!
success!
success!
success!
success!
success!
success!
success!
success!
success!
success!
success!
success!
success!
success!
timestamp: 2021-06-03T19:51:56.165382
CREATE TABLE "pfp"(
    "id" INTEGER PRIMARY KEY AUTOINCREMENT,
    "owner" CHAR(512),
    "file_name" CHAR(512),
    "file_path" CHAR(512),
    "confirmed" CHAR(1)
);
success!
success!
success!
success!
success!
success!
success!
success!
success!
success!
success!
success!
success!
success!
success!
success!
success!
success!
success!
success!
success!
success!
success!
success!
success!
success!
success!
success!
success!
success!
success!
success!
success!
success!
success!
success!
success!
success!
success!
success!
success!
success!
success!
success!
success!
success!
success!
success!
success!
success!
success!
success!
success!
success!
success!
success!
success!
success!
success!
success!
success!
success!
success!
success!
success!
success!
success!
success!
success!
success!
success!
success!
success!
success!
success!
success!
success!
success!
success!
success!
success!
success!
success!
success!
success!
success!
success!
success!
success!
